  正在验证源
  正在将源远程复制到“192.168.221.128”
  正在验证体系结构
  正在验证体系结构
  正在启动远程生成
  正在编译源:
  main.cpp
  正在链接对象
/usr/bin/ld : error : /usr/lib/debug/usr/lib/x86_64-linux-gnu/crt1.o(.debug_info): relocation 0 has invalid symbol index 11
/usr/bin/ld : error : /usr/lib/debug/usr/lib/x86_64-linux-gnu/crt1.o(.debug_info): relocation 1 has invalid symbol index 12
/usr/bin/ld : error : /usr/lib/debug/usr/lib/x86_64-linux-gnu/crt1.o(.debug_info): relocation 2 has invalid symbol index 2
/usr/bin/ld : error : /usr/lib/debug/usr/lib/x86_64-linux-gnu/crt1.o(.debug_info): relocation 3 has invalid symbol index 2
/usr/bin/ld : error : /usr/lib/debug/usr/lib/x86_64-linux-gnu/crt1.o(.debug_info): relocation 4 has invalid symbol index 11
/usr/bin/ld : error : /usr/lib/debug/usr/lib/x86_64-linux-gnu/crt1.o(.debug_info): relocation 5 has invalid symbol index 13
/usr/bin/ld : error : /usr/lib/debug/usr/lib/x86_64-linux-gnu/crt1.o(.debug_info): relocation 6 has invalid symbol index 13
/usr/bin/ld : error : /usr/lib/debug/usr/lib/x86_64-linux-gnu/crt1.o(.debug_info): relocation 7 has invalid symbol index 13
/usr/bin/ld : error : /usr/lib/debug/usr/lib/x86_64-linux-gnu/crt1.o(.debug_info): relocation 8 has invalid symbol index 12
/usr/bin/ld : error : /usr/lib/debug/usr/lib/x86_64-linux-gnu/crt1.o(.debug_info): relocation 9 has invalid symbol index 13
/usr/bin/ld : error : /usr/lib/debug/usr/lib/x86_64-linux-gnu/crt1.o(.debug_info): relocation 10 has invalid symbol index 13
/usr/bin/ld : error : /usr/lib/debug/usr/lib/x86_64-linux-gnu/crt1.o(.debug_info): relocation 11 has invalid symbol index 13
/usr/bin/ld : error : /usr/lib/debug/usr/lib/x86_64-linux-gnu/crt1.o(.debug_info): relocation 12 has invalid symbol index 13
/usr/bin/ld : error : /usr/lib/debug/usr/lib/x86_64-linux-gnu/crt1.o(.debug_info): relocation 13 has invalid symbol index 13
/usr/bin/ld : error : /usr/lib/debug/usr/lib/x86_64-linux-gnu/crt1.o(.debug_info): relocation 14 has invalid symbol index 13
/usr/bin/ld : error : /usr/lib/debug/usr/lib/x86_64-linux-gnu/crt1.o(.debug_info): relocation 15 has invalid symbol index 13
/usr/bin/ld : error : /usr/lib/debug/usr/lib/x86_64-linux-gnu/crt1.o(.debug_info): relocation 16 has invalid symbol index 13
/usr/bin/ld : error : /usr/lib/debug/usr/lib/x86_64-linux-gnu/crt1.o(.debug_info): relocation 17 has invalid symbol index 13
/usr/bin/ld : error : /usr/lib/debug/usr/lib/x86_64-linux-gnu/crt1.o(.debug_info): relocation 18 has invalid symbol index 13
/usr/bin/ld : error : /usr/lib/debug/usr/lib/x86_64-linux-gnu/crt1.o(.debug_info): relocation 19 has invalid symbol index 21
/usr/bin/ld : error : /usr/lib/debug/usr/lib/x86_64-linux-gnu/crt1.o(.debug_line): relocation 0 has invalid symbol index 2
/usr/bin/ld : error : /usr/lib/gcc/x86_64-linux-gnu/4.8/../../../x86_64-linux-gnu/crt1.o：在函数‘_start’中：
/usr/bin/ld : error : (.text+0x20)：对‘main’未定义的引用
collect2 : error : ld returned 1 exit
